{"level":"error","message":"errors"}
{"level":"error","message":"errors"}
{"level":"fatal","message":"This is a fatal log."}
{"level":"error","message":"This is an error log."}
{"level":"error","message":"Error occurred during forgot password"}
{"level":"error","message":"Error occurred during forgot password"}
{"level":"error","message":"Error occurred during forgot password"}
{"level":"error","message":"Error occurred during reset paasword"}
{"level":"error","message":"Error occurred during reset paasword"}
{"level":"error","message":"Error occurred during reset paasword"}
{"level":"error","message":"Error occurred during reset paasword"}
{"level":"error","message":"Error occurred during reset paasword"}
{"level":"error","message":"Error occurred during reset paasword"}
{"level":"error","message":"Error occurred during reset paasword"}
{"level":"error","message":"Error occurred during reset paasword"}
{"level":"error","message":"Error occurred during reset paasword"}
{"level":"error","message":"Error occurred during reset paasword"}
{"level":"error","message":"Error occurred during reset paasword"}
{"level":"error","message":"Error occurred during reset paasword"}
{"level":"error","message":"Error occurred during reset paasword"}
{"level":"error","message":"Error occurred during reset paasword"}
{"level":"error","message":"Error occurred during reset paasword"}
{"level":"error","message":"No tienes permiso para acceder a este recurso"}
{"level":"error","message":"No tienes permiso para acceder a este recurso"}
{"level":"error","message":"No tienes permiso para acceder a este recurso"}
{"level":"error","message":"No tienes permiso para acceder a este recurso"}
{"level":"error","message":"No tienes permiso para acceder a este recurso"}
{"level":"error","message":"No tienes permiso para acceder a este recurso"}
{"level":"error","message":"No tienes permiso para acceder a este recurso"}
{"level":"error","message":"No tienes permiso para acceder a este recurso"}
{"level":"error","message":"No tienes permiso para acceder a este recurso"}
{"level":"error","message":"No tienes permiso para acceder a este recurso"}
{"level":"error","message":"No tienes permiso para acceder a este recurso"}
{"level":"error","message":"Error occurred during login"}
{"level":"error","message":"Error occurred during user registration: Error: Internal server error"}
{"level":"error","message":"Error occurred during login"}
{"level":"error","message":"Error occurred during reset paasword"}
{"level":"error","message":"Error occurred during login"}
{"level":"error","message":"Error occurred during user registration: Error: Internal server error"}
{"level":"error","message":"Error occurred during reset paasword"}
{"level":"error","message":"Error occurred during login"}
{"level":"error","message":"Error occurred during user registration: Error: Internal server error"}
{"level":"error","message":"Error occurred during reset paasword"}
{"level":"error","message":"Error occurred during login"}
{"level":"error","message":"Error occurred during login"}
{"level":"error","message":"Error occurred during user registration: Error: Internal server error"}
{"level":"error","message":"Error occurred during reset paasword"}
{"level":"error","message":"Error occurred during login"}
{"level":"error","message":"Error occurred during login"}
{"level":"error","message":"Error occurred during login"}
{"level":"error","message":"Error occurred during login"}
{"level":"error","message":"Error occurred during login"}
{"level":"error","message":"Error occurred during login"}
{"level":"error","message":"Error occurred during login"}
{"level":"error","message":"Error occurred during login"}
{"level":"error","message":"Error occurred during forgot password"}
{"level":"error","message":"Error occurred during reset paasword"}
{"level":"error","message":"Error occurred during login"}
{"level":"error","message":"Error occurred during login"}
{"level":"error","message":"Error occurred during logout"}
{"level":"error","message":"Error occurred during user registration: Error: Internal server error"}
{"level":"error","message":"Error occurred during login"}
{"level":"error","message":"Error occurred during reset paasword"}
{"level":"error","message":"Error occurred during user registration: Error: Internal server error"}
{"level":"error","message":"Error occurred during login"}
{"level":"error","message":"Error occurred during reset paasword"}
{"level":"error","message":"Error occurred during login"}
{"level":"error","message":"Error occurred during user registration: Error: Internal server error"}
{"level":"error","message":"Error occurred during login"}
{"level":"error","message":"Error occurred during reset paasword"}
{"level":"error","message":"Error occurred during user registration: Error: Internal server error"}
{"level":"error","message":"Error occurred during login"}
{"level":"error","message":"Error occurred during reset paasword"}
{"level":"error","message":"Error occurred during user registration: Error: Internal server error"}
{"level":"error","message":"Error occurred during login"}
{"level":"error","message":"Error occurred during reset paasword"}
{"level":"error","message":"Error occurred during login"}
{"level":"error","message":"Error occurred during login"}
{"level":"error","message":"Error occurred during login"}
{"level":"error","message":"Error occurred during login"}
{"level":"error","message":"Error occurred during login"}
{"level":"error","message":"Error occurred during login"}
{"level":"error","message":"Error occurred during login"}
{"level":"error","message":"Error occurred during login"}
{"level":"error","message":"Error occurred during user registration: Error: Internal server error"}
{"level":"error","message":"Error occurred during login"}
{"level":"error","message":"Error occurred during reset paasword"}
{"level":"error","message":"Error occurred during user registration: Error: Internal server error"}
{"level":"error","message":"Error occurred during login"}
{"level":"error","message":"Error occurred during reset paasword"}
{"level":"error","message":"Error occurred during login"}
{"level":"error","message":"Error occurred during login"}
{"level":"error","message":"Error occurred during login"}
{"level":"error","message":"Error occurred during user registration: Error: Internal server error"}
{"level":"error","message":"Error occurred during login"}
{"level":"error","message":"Error occurred during forgot password"}
{"level":"error","message":"Error occurred during reset paasword"}
{"level":"error","message":"Error occurred during login"}
{"level":"error","message":"Error occurred during login"}
{"level":"error","message":"Error occurred during login"}
{"level":"error","message":"Error occurred during login"}
{"level":"error","message":"Error occurred during user registration: Error: Internal server error"}
{"level":"error","message":"Error occurred during login"}
{"level":"error","message":"Error occurred during reset paasword"}
{"level":"error","message":"Error occurred during login"}
{"level":"error","message":"Error occurred during user registration: Error: Internal server error"}
{"level":"error","message":"Error occurred during user registration: Error: Internal server error"}
{"level":"error","message":"Error occurred during user registration: Error: Internal server error"}
{"level":"error","message":"Error occurred during user registration: Error: Internal server error"}
{"level":"error","message":"Error occurred during user registration: Error: Internal server error"}
{"level":"error","message":"Error occurred during login"}
{"level":"error","message":"Error occurred during user registration: Error: Internal server error"}
{"level":"error","message":"Error occurred during login"}
{"level":"error","message":"Error occurred during reset paasword"}
{"level":"error","message":"Error occurred during user registration: Error: Internal server error"}
{"level":"error","message":"Error occurred during login"}
{"level":"error","message":"Error occurred during user registration: Error: Internal server error"}
{"level":"error","message":"Error occurred during login"}
{"level":"error","message":"Error occurred during reset paasword"}
{"level":"error","message":"Error occurred during user registration: Error: Internal server error"}
{"level":"error","message":"Error occurred during user registration: Error: Internal server error"}
{"level":"error","message":"Error occurred during login"}
{"level":"error","message":"Error occurred during user registration: Error: Internal server error"}
{"level":"error","message":"Error occurred during login"}
{"level":"error","message":"Error occurred during reset paasword"}
{"level":"error","message":"Error occurred during user registration: Error: Internal server error"}
{"level":"error","message":"Error occurred during user registration: Error: Internal server error"}
{"level":"error","message":"No tienes permiso para acceder a este recurso"}
{"level":"error","message":"No tienes permiso para acceder a este recurso"}
{"level":"error","message":"Error occurred during user registration: Error: Internal server error"}
{"level":"error","message":"Error occurred during login"}
{"level":"error","message":"Error occurred during user registration: Error: Internal server error"}
{"level":"error","message":"Error occurred during login"}
{"level":"error","message":"Error occurred during reset paasword"}
{"level":"error","message":"Error occurred during user registration: Error: Internal server error"}
{"level":"error","message":"Error occurred during login"}
{"level":"error","message":"Error occurred during user registration: Error: Internal server error"}
{"level":"error","message":"Error occurred during login"}
{"level":"error","message":"Error occurred during reset paasword"}
{"level":"error","message":"Error occurred during user registration: Error: Internal server error"}
{"level":"error","message":"Error occurred during user registration: Error: Internal server error"}
{"level":"error","message":"Error occurred during login"}
{"level":"error","message":"Error occurred during reset paasword"}
{"level":"error","message":"Error occurred during user registration: Error: Internal server error"}
{"level":"error","message":"Error occurred during user registration: Error: Internal server error"}
{"level":"error","message":"Error occurred during login"}
{"level":"error","message":"Error occurred during reset paasword"}
{"level":"error","message":"Error occurred during user registration: Error: Internal server error"}
{"level":"error","message":"Error occurred during user registration: Error: Internal server error"}
{"level":"error","message":"Error occurred during login"}
{"level":"error","message":"Error occurred during reset paasword"}
{"level":"error","message":"Error occurred during user registration: Error: Internal server error"}
{"level":"error","message":"Error occurred during user registration: Error: Internal server error"}
{"level":"error","message":"Error occurred during login"}
{"level":"error","message":"Error occurred during reset paasword"}
{"level":"error","message":"Error occurred during user registration: Error: Internal server error"}
{"level":"error","message":"Error occurred during user registration: Error: Internal server error"}
{"level":"error","message":"Error occurred during login"}
{"level":"error","message":"Error occurred during reset paasword"}
{"level":"error","message":"Error occurred during user registration: Error: Internal server error"}
{"level":"error","message":"Error occurred during user registration: Error: Internal server error"}
{"level":"error","message":"Error occurred during login"}
{"level":"error","message":"Error occurred during reset paasword"}
{"level":"error","message":"Error occurred during user registration: Error: Internal server error"}
{"level":"error","message":"Error occurred during user registration: Error: Internal server error"}
{"level":"error","message":"Error occurred during login"}
{"level":"error","message":"Error occurred during reset paasword"}
{"level":"error","message":"Error occurred during user registration: Error: Internal server error"}
{"level":"error","message":"Error occurred during user registration: Error: Internal server error"}
{"level":"error","message":"Error occurred during login"}
{"level":"error","message":"Error occurred during reset paasword"}
{"level":"error","message":"Error occurred during user registration: Error: Internal server error"}
{"level":"error","message":"Error occurred during user registration: Error: Internal server error"}
{"level":"error","message":"Error occurred during login"}
{"level":"error","message":"Error occurred during reset paasword"}
{"level":"error","message":"Error occurred during user registration: Error: Internal server error"}
{"level":"error","message":"Error occurred during user registration: Error: Internal server error"}
{"level":"error","message":"Error occurred during login"}
{"level":"error","message":"Error occurred during reset paasword"}
{"level":"error","message":"Error occurred during user registration: Error: Internal server error"}
{"level":"error","message":"Error occurred during user registration: Error: Internal server error"}
{"level":"error","message":"Error occurred during login"}
{"level":"error","message":"Error occurred during reset paasword"}
{"level":"error","message":"Error occurred during user registration: Error: Internal server error"}
{"level":"error","message":"Error occurred during user registration: Error: Internal server error"}
{"level":"error","message":"Error occurred during login"}
{"level":"error","message":"Error occurred during reset paasword"}
{"level":"error","message":"Error occurred during user registration: Error: Internal server error"}
{"level":"error","message":"Error occurred during user registration: Error: Internal server error"}
{"level":"error","message":"Error occurred during login"}
{"level":"error","message":"Error occurred during reset paasword"}
{"level":"error","message":"Error occurred during user registration: Error: Internal server error"}
{"level":"error","message":"Error occurred during user registration: Error: Internal server error"}
{"level":"error","message":"Error occurred during login"}
{"level":"error","message":"Error occurred during reset paasword"}
{"level":"error","message":"Error occurred during user registration: Error: Internal server error"}
{"level":"error","message":"Error occurred during user registration: Error: Internal server error"}
{"level":"error","message":"Error occurred during login"}
{"level":"error","message":"Error occurred during reset paasword"}
{"level":"error","message":"Error occurred during user registration: Error: Internal server error"}
{"level":"error","message":"Error occurred during user registration: Error: Internal server error"}
{"level":"error","message":"Error occurred during login"}
{"level":"error","message":"Error occurred during reset paasword"}
{"level":"error","message":"Error occurred during user registration: Error: Internal server error"}
{"level":"error","message":"Error occurred during user registration: Error: Internal server error"}
{"level":"error","message":"Error occurred during login"}
{"level":"error","message":"Error occurred during reset paasword"}
{"level":"error","message":"Error occurred during user registration: Error: Internal server error"}
{"level":"error","message":"Error occurred during user registration: Error: Internal server error"}
{"level":"error","message":"Error occurred during login"}
{"level":"error","message":"Error occurred during reset paasword"}
{"level":"error","message":"Error occurred during user registration: Error: Internal server error"}
{"level":"error","message":"Error occurred during user registration: Error: Internal server error"}
{"level":"error","message":"Error occurred during login"}
{"level":"error","message":"Error occurred during reset paasword"}
{"level":"error","message":"Error occurred during user registration: Error: Internal server error"}
{"level":"error","message":"Error occurred during user registration: Error: Internal server error"}
{"level":"error","message":"Error occurred during login"}
{"level":"error","message":"Error occurred during reset paasword"}
{"level":"error","message":"Error occurred during user registration: Error: Internal server error"}
{"level":"error","message":"Error occurred during user registration: Error: Internal server error"}
{"level":"error","message":"Error occurred during login"}
{"level":"error","message":"Error occurred during reset paasword"}
{"level":"error","message":"Error occurred during user registration: Error: Internal server error"}
{"level":"error","message":"Error occurred during user registration: Error: Internal server error"}
{"level":"error","message":"Error occurred during login"}
{"level":"error","message":"Error occurred during reset paasword"}
{"level":"error","message":"Error occurred during user registration: Error: Internal server error"}
{"level":"error","message":"Error occurred during user registration: Error: Internal server error"}
{"level":"error","message":"Error occurred during login"}
{"level":"error","message":"Error occurred during reset paasword"}
{"level":"error","message":"Error occurred during user registration: Error: Internal server error"}
{"level":"error","message":"Error occurred during user registration: Error: Internal server error"}
{"level":"error","message":"Error occurred during login"}
{"level":"error","message":"Error occurred during reset paasword"}
{"level":"error","message":"Error occurred during user registration: Error: Internal server error"}
{"level":"error","message":"Error occurred during user registration: Error: Internal server error"}
{"level":"error","message":"Error occurred during login"}
{"level":"error","message":"Error occurred during reset paasword"}
{"level":"error","message":"Error occurred during user registration: Error: Internal server error"}
{"level":"error","message":"Error occurred during user registration: Error: Internal server error"}
{"level":"error","message":"Error occurred during login"}
{"level":"error","message":"Error occurred during reset paasword"}
{"level":"error","message":"Error occurred during user registration: Error: Internal server error"}
{"level":"error","message":"Error occurred during user registration: Error: Internal server error"}
{"level":"error","message":"Error occurred during login"}
{"level":"error","message":"Error occurred during reset paasword"}
{"level":"error","message":"Error occurred during user registration: Error: Internal server error"}
{"level":"error","message":"Error occurred during user registration: Error: Internal server error"}
{"level":"error","message":"Error occurred during login"}
{"level":"error","message":"Error occurred during reset paasword"}
{"level":"error","message":"Error occurred during user registration: Error: Internal server error"}
{"level":"error","message":"Error occurred during user registration: Error: Internal server error"}
{"level":"error","message":"Error occurred during login"}
{"level":"error","message":"Error occurred during reset paasword"}
{"level":"error","message":"Error occurred during user registration: Error: Internal server error"}
{"level":"error","message":"Error occurred during user registration: Error: Internal server error"}
{"level":"error","message":"Error occurred during login"}
{"level":"error","message":"Error occurred during reset paasword"}
{"level":"error","message":"Error occurred during user registration: Error: Internal server error"}
{"level":"error","message":"Error occurred during login"}
{"level":"error","message":"Error occurred during login"}
{"level":"error","message":"Error occurred during login"}
{"level":"error","message":"Error occurred during login"}
{"level":"error","message":"Error occurred during login"}
{"level":"error","message":"Error occurred during login"}
{"level":"error","message":"Error occurred during login"}
{"level":"error","message":"Error occurred during login"}
{"level":"error","message":"Error occurred during user registration: Error: Internal server error"}
{"level":"error","message":"Error occurred during login"}
{"level":"error","message":"Error occurred during login"}
{"level":"error","message":"Error occurred during login"}
{"level":"error","message":"Error occurred during login"}
{"level":"error","message":"No tienes permiso para acceder a este recurso"}
{"level":"error","message":"No tienes permiso para acceder a este recurso"}
{"level":"error","message":"No tienes permiso para acceder a este recurso"}
{"level":"error","message":"No tienes permiso para acceder a este recurso"}
{"level":"error","message":"No tienes permiso para acceder a este recurso"}
{"level":"error","message":"No tienes permiso para acceder a este recurso"}
{"level":"error","message":"No tienes permiso para acceder a este recurso"}
{"level":"error","message":"No tienes permiso para acceder a este recurso"}
{"level":"error","message":"No tienes permiso para acceder a este recurso"}
{"level":"error","message":"No tienes permiso para acceder a este recurso"}
{"level":"error","message":"No tienes permiso para acceder a este recurso"}
{"level":"error","message":"No tienes permiso para acceder a este recurso"}
{"level":"error","message":"Error occurred during user registration: Error: Internal server error"}
{"level":"error","message":"Error occurred during user registration: Error: Internal server error"}
{"level":"error","message":"Error occurred during login"}
{"level":"error","message":"Error occurred during login"}
{"level":"error","message":"Error occurred during login"}
{"level":"error","message":"Error occurred during user registration: Error: Internal server error"}
{"level":"error","message":"Error occurred during user registration: Error: Internal server error"}
{"level":"error","message":"Error occurred during user registration: Error: Internal server error"}
{"level":"error","message":"Error occurred during user registration: Error: Internal server error"}
{"level":"error","message":"Error occurred during user registration: Error: Internal server error"}
{"level":"error","message":"Error occurred during user registration: Error: Internal server error"}
{"level":"error","message":"No tienes permiso para acceder a este recurso"}
{"level":"error","message":"Error occurred during user registration: Error: Internal server error"}
{"level":"error","message":"No tienes permiso para acceder a este recurso"}
{"level":"error","message":"Error occurred during user registration: Error: Internal server error"}
{"level":"error","message":"Error occurred during user registration: Error: Internal server error"}
{"level":"error","message":"Error occurred during user registration: Error: Internal server error"}
{"level":"error","message":"Error occurred during user registration: Error: Internal server error"}
{"level":"error","message":"Error occurred during user registration: Error: Internal server error"}
{"level":"error","message":"Error occurred during user registration: Error: Internal server error"}
{"level":"error","message":"Error occurred during user registration: Error: Internal server error"}
{"level":"error","message":"Error occurred during user registration: Error: Internal server error"}
{"level":"error","message":"Error occurred during user registration: Error: Internal server error"}
{"level":"error","message":"Error occurred during user registration: Error: Internal server error"}
{"level":"error","message":"Error occurred during user registration: Error: Internal server error"}
{"level":"error","message":"Error occurred during user registration: Error: Internal server error"}
{"level":"error","message":"Error occurred during user registration: Error: Internal server error"}
{"level":"error","message":"Error occurred during user registration: Error: Internal server error"}
{"level":"error","message":"Error occurred during login"}
{"level":"error","message":"Error occurred during login"}
{"level":"error","message":"Error occurred during user registration: Error: Internal server error"}
{"level":"error","message":"Error occurred during login"}
{"level":"error","message":"Error occurred during login"}
{"level":"error","message":"Error occurred during login"}
{"level":"error","message":"Error occurred during login"}
{"level":"error","message":"Error occurred during login"}
{"level":"error","message":"Error occurred during login"}
{"level":"error","message":"Error occurred during login"}
{"level":"error","message":"Error occurred during login"}
{"level":"error","message":"Error occurred during login"}
{"level":"error","message":"Error occurred during login"}
{"level":"error","message":"Error occurred during login"}
{"level":"error","message":"Error occurred during login"}
{"level":"error","message":"Error occurred during login"}
{"level":"error","message":"Error occurred during login"}
{"level":"error","message":"Error occurred during login"}
{"level":"error","message":"Error occurred during login"}
{"level":"error","message":"Error occurred during login"}
{"level":"error","message":"Error occurred during login"}
{"level":"error","message":"Error occurred during login"}
{"level":"error","message":"Error occurred during login"}
{"level":"error","message":"Error occurred during login"}
{"level":"error","message":"Error occurred during login"}
{"level":"error","message":"Error occurred during login"}
{"level":"error","message":"Error occurred during login"}
{"level":"error","message":"Error occurred during login"}
{"level":"error","message":"Error occurred during login"}
{"level":"error","message":"Error occurred during logout"}
{"level":"error","message":"Error occurred during logout"}
{"level":"error","message":"Error occurred during logout"}
{"level":"error","message":"Error occurred during logout"}
{"level":"error","message":"Error occurred during user registration: Error: Internal server error"}
{"level":"error","message":"Error occurred during user registration: Error: Internal server error"}
{"level":"error","message":"Error occurred during user registration: Error: Internal server error"}
{"level":"error","message":"Error occurred during user registration: Error: Internal server error"}
{"level":"error","message":"Error occurred during login"}
{"level":"error","message":"No tienes permiso para acceder a este recurso"}
{"level":"error","message":"No tienes permiso para acceder a este recurso"}
{"level":"error","message":"No tienes permiso para acceder a este recurso"}
{"level":"error","message":"No tienes permiso para acceder a este recurso"}
{"level":"error","message":"No tienes permiso para acceder a este recurso"}
{"level":"error","message":"No tienes permiso para acceder a este recurso"}
{"level":"error","message":"No tienes permiso para acceder a este recurso"}
{"level":"error","message":"No tienes permiso para acceder a este recurso"}
{"level":"error","message":"No tienes permiso para acceder a este recurso"}
{"level":"error","message":"No tienes permiso para acceder a este recurso"}
{"level":"error","message":"No tienes permiso para acceder a este recurso"}
{"level":"error","message":"No tienes permiso para acceder a este recurso"}
{"level":"error","message":"Error occurred during logout"}
{"level":"error","message":"Error occurred while deleting product"}
{"level":"error","message":"Error occurred while deleting product"}
{"level":"error","message":"Error occurred while deleting product"}
{"level":"error","message":"Error occurred while deleting product"}
{"level":"error","message":"Error occurred while deleting product"}
{"level":"error","message":"Error occurred while deleting product"}
{"level":"error","message":"Error occurred while deleting product"}
{"level":"error","message":"Error occurred while deleting product"}
{"level":"error","message":"Error occurred while deleting product"}
{"level":"error","message":"No tienes permiso para acceder a este recurso"}
{"level":"error","message":"No tienes permiso para acceder a este recurso"}
{"level":"error","message":"No tienes permiso para acceder a este recurso"}
{"level":"error","message":"Error occurred while deleting product"}
{"level":"error","message":"Error occurred while deleting product"}
{"level":"error","message":"Error occurred while deleting product"}
{"level":"error","message":"Error occurred while deleting product"}
{"level":"error","message":"Error occurred while deleting product"}
{"level":"error","message":"Error occurred while deleting product"}
{"level":"error","message":"Error occurred while deleting product"}
{"level":"error","message":"Error occurred while deleting product"}
{"level":"error","message":"Error occurred while deleting product"}
{"level":"error","message":"Error occurred while deleting product"}
{"level":"error","message":"Error occurred while deleting product"}
{"level":"error","message":"Error occurred while deleting product"}
{"level":"error","message":"No tienes permiso para acceder a este recurso"}
{"level":"error","message":"No tienes permiso para acceder a este recurso"}
{"level":"error","message":"Error occurred during login"}
{"level":"error","message":"Error occurred during login"}
{"level":"error","message":"Error occurred during user registration: Error: Internal server error"}
{"level":"error","message":"Error occurred during user registration: Error: Internal server error"}
{"level":"error","message":"Error occurred during login"}
{"level":"error","message":"Error occurred during login"}
{"level":"error","message":"Error occurred during login"}
{"level":"error","message":"Error occurred during login"}
{"level":"error","message":"No tienes permiso para acceder a este recurso"}
